start at: Mon Jul 7 14:42:49 KST 2025
node: n033
jobid: 441302

-------------------------- /opt/ohpc/pub/modulefiles --------------------------
   CUDA/11.2.2           cuda/11.3.1    cuda/11.6.2    cuda/12.0.0
   cuda/leejihun_cuda    cuda/11.4.4    cuda/11.7.1    cuda/12.1.1
   cuda/11.2.2           cuda/11.5.2    cuda/11.8.0    cuda/12.2.1 (D)

  Where:
   D:  Default Module

If the avail list is too long consider trying:

"module --default avail" or "ml -d av" to just list the default modules.
"module overview" or "ml ov" to display the number of modules for each name.

Use "module spider" to find all possible modules and extensions.
Use "module keyword key1 key2 ..." to search for all possible modules matching
any of the "keys".


Mon Jul  7 14:42:50 2025       
+-----------------------------------------------------------------------------------------+
| NVIDIA-SMI 555.42.02              Driver Version: 555.42.02      CUDA Version: 12.5     |
|-----------------------------------------+------------------------+----------------------+
| GPU  Name                 Persistence-M | Bus-Id          Disp.A | Volatile Uncorr. ECC |
| Fan  Temp   Perf          Pwr:Usage/Cap |           Memory-Usage | GPU-Util  Compute M. |
|                                         |                        |               MIG M. |
|=========================================+========================+======================|
|   0  NVIDIA A10                     On  |   00000000:B5:00.0 Off |                    0 |
|  0%   35C    P8             20W /  150W |       1MiB /  23028MiB |      0%      Default |
|                                         |                        |                  N/A |
+-----------------------------------------+------------------------+----------------------+
                                                                                         
+-----------------------------------------------------------------------------------------+
| Processes:                                                                              |
|  GPU   GI   CI        PID   Type   Process name                              GPU Memory |
|        ID   ID                                                               Usage      |
|=========================================================================================|
|  No running processes found                                                             |
+-----------------------------------------------------------------------------------------+
